<?xml version="1.0" encoding="UTF-8"?>
<!-- Generated by org.testng.reporters.JUnitReportReporter -->
<testsuite skipped="0" hostname="DESKTOP-00MR0DR" name="org.testing.DataProvide" tests="4" failures="0" timestamp="09 Sep 2022 13:33:27 GMT" time="10.547" errors="0">
  <testcase name="tc1" time="2.538" classname="org.testing.DataProvide"/>
  <testcase name="tc1" time="2.419" classname="org.testing.DataProvide"/>
  <testcase name="tc1" time="3.171" classname="org.testing.DataProvide"/>
  <testcase name="tc1" time="2.419" classname="org.testing.DataProvide"/>
</testsuite> <!-- org.testing.DataProvide -->
