<?xml version="1.0" encoding="UTF-8"?>
<!-- Generated by org.testng.reporters.JUnitReportReporter -->
<testsuite skipped="0" hostname="DESKTOP-00MR0DR" name="org.testing.TestNgOrder" tests="3" failures="0" timestamp="09 Sep 2022 13:33:49 GMT" time="8.953" errors="0">
  <testcase name="tc3" time="3.522" classname="org.testing.TestNgOrder"/>
  <testcase name="tc2" time="2.910" classname="org.testing.TestNgOrder"/>
  <testcase name="tc1" time="2.521" classname="org.testing.TestNgOrder"/>
</testsuite> <!-- org.testing.TestNgOrder -->
